<?xml version="1.0" encoding="UTF-8"?>
<!-- Generated by org.testng.reporters.JUnitReportReporter -->
<testsuite hostname="CLVITN-6D9BJG3" failures="0" tests="2" name="RunCucumberTest" time="26.100" errors="0" timestamp="2023-03-01T06:36:21 CET" skipped="0">
  <testcase classname="RunCucumberTest" name="runScenario" time="11.217"/>
  <system-out/>
  <testcase classname="RunCucumberTest" name="runScenario" time="14.883"/>
  <system-out/>
</testsuite> <!-- RunCucumberTest -->
